Copyright 1986-2022 Xilinx, Inc. All Rights Reserved.
-----------------------------------------------------------------------------------------------------
| Tool Version : Vivado v.2022.2 (win64) Build 3671981 Fri Oct 14 05:00:03 MDT 2022
| Date         : Fri Jun  6 21:18:22 2025
| Host         : DESKTOP-UI9B5C1 running 64-bit major release  (build 9200)
| Command      : report_control_sets -verbose -file radiation_system_wrapper_control_sets_placed.rpt
| Design       : radiation_system_wrapper
| Device       : xc7z020
-----------------------------------------------------------------------------------------------------

Control Set Information

Table of Contents
-----------------
1. Summary
2. Histogram
3. Flip-Flop Distribution
4. Detailed Control Set Information

1. Summary
----------

+----------------------------------------------------------+-------+
|                          Status                          | Count |
+----------------------------------------------------------+-------+
| Total control sets                                       |    36 |
|    Minimum number of control sets                        |    36 |
|    Addition due to synthesis replication                 |     0 |
|    Addition due to physical synthesis replication        |     0 |
| Unused register locations in slices containing registers |    98 |
+----------------------------------------------------------+-------+
* Control sets can be merged at opt_design using control_set_merge or merge_equivalent_drivers
** Run report_qor_suggestions for automated merging and remapping suggestions


2. Histogram
------------

+--------------------+-------+
|       Fanout       | Count |
+--------------------+-------+
| Total control sets |    36 |
| >= 0 to < 4        |     2 |
| >= 4 to < 6        |    10 |
| >= 6 to < 8        |     1 |
| >= 8 to < 10       |     2 |
| >= 10 to < 12      |     1 |
| >= 12 to < 14      |     5 |
| >= 14 to < 16      |     2 |
| >= 16              |    13 |
+--------------------+-------+
* Control sets can be remapped at either synth_design or opt_design


3. Flip-Flop Distribution
-------------------------

+--------------+-----------------------+------------------------+-----------------+--------------+
| Clock Enable | Synchronous Set/Reset | Asynchronous Set/Reset | Total Registers | Total Slices |
+--------------+-----------------------+------------------------+-----------------+--------------+
| No           | No                    | No                     |              89 |           29 |
| No           | No                    | Yes                    |              81 |           23 |
| No           | Yes                   | No                     |              46 |           16 |
| Yes          | No                    | No                     |             339 |           75 |
| Yes          | No                    | Yes                    |               7 |            2 |
| Yes          | Yes                   | No                     |              44 |           14 |
+--------------+-----------------------+------------------------+-----------------+--------------+


4. Detailed Control Set Information
-----------------------------------

+---------------------------------------------------------+--------------------------------------------------------------------------------------------------------------------------------------------------------------------------+-----------------------------------------------------------------------------------------------------------------------------------------------------------------+------------------+----------------+--------------+
|                       Clock Signal                      |                                                                               Enable Signal                                                                              |                                                                         Set/Reset Signal                                                                        | Slice Load Count | Bel Load Count | Bels / Slice |
+---------------------------------------------------------+--------------------------------------------------------------------------------------------------------------------------------------------------------------------------+-----------------------------------------------------------------------------------------------------------------------------------------------------------------+------------------+----------------+--------------+
|  radiation_system_i/processing_system7_0/inst/FCLK_CLK0 | radiation_system_i/axi_interconnect_0/s00_couplers/auto_pc/inst/gen_axilite.gen_b2s_conv.axilite_b2s/WR.aw_channel_0/aw_cmd_fsm_0/FSM_sequential_state_reg[0]_1          | radiation_system_i/axi_interconnect_0/s00_couplers/auto_pc/inst/gen_axilite.gen_b2s_conv.axilite_b2s/WR.aw_channel_0/aw_cmd_fsm_0/FSM_sequential_state_reg[0]_0 |                1 |              1 |         1.00 |
|  radiation_system_i/processing_system7_0/inst/FCLK_CLK0 | radiation_system_i/axi_interconnect_0/s00_couplers/auto_pc/inst/gen_axilite.gen_b2s_conv.axilite_b2s/WR.b_channel_0/bid_fifo_0/sel                                       |                                                                                                                                                                 |                1 |              2 |         2.00 |
|  radiation_system_i/processing_system7_0/inst/FCLK_CLK0 | radiation_system_i/axi_gpio_0/U0/AXI_LITE_IPIF_I/I_SLAVE_ATTACHMENT/start2                                                                                               | radiation_system_i/axi_gpio_0/U0/AXI_LITE_IPIF_I/I_SLAVE_ATTACHMENT/I_DECODER/cs_ce_clr                                                                         |                1 |              4 |         4.00 |
|  radiation_system_i/processing_system7_0/inst/FCLK_CLK0 |                                                                                                                                                                          | radiation_system_i/axi_gpio_0/U0/gpio_core_1/Read_Reg_Rst__0                                                                                                    |                1 |              4 |         4.00 |
|  radiation_system_i/processing_system7_0/inst/FCLK_CLK0 |                                                                                                                                                                          | radiation_system_i/axi_gpio_0/U0/AXI_LITE_IPIF_I/I_SLAVE_ATTACHMENT/clear                                                                                       |                1 |              4 |         4.00 |
|  radiation_system_i/processing_system7_0/inst/FCLK_CLK0 | radiation_system_i/axi_interconnect_0/s00_couplers/auto_pc/inst/gen_axilite.gen_b2s_conv.axilite_b2s/RD.ar_channel_0/ar_cmd_fsm_0/m_axi_arready_2                        | radiation_system_i/axi_interconnect_0/s00_couplers/auto_pc/inst/gen_axilite.gen_b2s_conv.axilite_b2s/RD.ar_channel_0/ar_cmd_fsm_0/FSM_sequential_state_reg[1]_0 |                2 |              4 |         2.00 |
|  radiation_system_i/processing_system7_0/inst/FCLK_CLK0 |                                                                                                                                                                          | radiation_system_i/axi_interconnect_0/s00_couplers/auto_pc/inst/gen_axilite.gen_b2s_conv.axilite_b2s/SI_REG/aw.aw_pipe/aresetn_d_reg[0]_0                       |                1 |              4 |         4.00 |
|  radiation_system_i/processing_system7_0/inst/FCLK_CLK0 |                                                                                                                                                                          | radiation_system_i/axi_interconnect_0/s00_couplers/auto_pc/inst/gen_axilite.gen_b2s_conv.axilite_b2s/SI_REG/ar.ar_pipe/aresetn_d_reg[1]_inv_0                   |                2 |              4 |         2.00 |
|  radiation_system_i/processing_system7_0/inst/FCLK_CLK0 | radiation_system_i/axi_gpio_0/U0/AXI_LITE_IPIF_I/I_SLAVE_ATTACHMENT/bus2ip_addr_i[8]_i_1_n_0                                                                             | radiation_system_i/axi_gpio_0/U0/AXI_LITE_IPIF_I/I_SLAVE_ATTACHMENT/SR[0]                                                                                       |                1 |              4 |         4.00 |
|  radiation_system_i/processing_system7_0/inst/FCLK_CLK0 | radiation_system_i/axi_interconnect_0/s00_couplers/auto_pc/inst/gen_axilite.gen_b2s_conv.axilite_b2s/RD.r_channel_0/transaction_fifo_0/cnt_read[4]_i_1_n_0               | radiation_system_i/axi_interconnect_0/s00_couplers/auto_pc/inst/gen_axilite.gen_b2s_conv.axilite_b2s/areset_d1                                                  |                1 |              5 |         5.00 |
|  radiation_system_i/processing_system7_0/inst/FCLK_CLK0 | radiation_system_i/axi_interconnect_0/s00_couplers/auto_pc/inst/gen_axilite.gen_b2s_conv.axilite_b2s/RD.r_channel_0/rd_data_fifo_0/cnt_read[4]_i_1__0_n_0                | radiation_system_i/axi_interconnect_0/s00_couplers/auto_pc/inst/gen_axilite.gen_b2s_conv.axilite_b2s/areset_d1                                                  |                2 |              5 |         2.50 |
|  radiation_system_i/processing_system7_0/inst/FCLK_CLK0 | radiation_system_i/axi_gpio_0/U0/AXI_LITE_IPIF_I/I_SLAVE_ATTACHMENT/s_axi_rresp_i                                                                                        | radiation_system_i/axi_gpio_0/U0/AXI_LITE_IPIF_I/I_SLAVE_ATTACHMENT/SR[0]                                                                                       |                1 |              5 |         5.00 |
|  radiation_system_i/processing_system7_0/inst/FCLK_CLK0 | radiation_system_i/radiation_detector_0/inst/signal_gen/decay_counter[6]_i_1_n_0                                                                                         | radiation_system_i/radiation_detector_0/inst/signal_gen/rst_n_0                                                                                                 |                2 |              7 |         3.50 |
|  radiation_system_i/processing_system7_0/inst/FCLK_CLK0 | radiation_system_i/axi_interconnect_0/s00_couplers/auto_pc/inst/gen_axilite.gen_b2s_conv.axilite_b2s/WR.b_channel_0/mhandshake_r                                         | radiation_system_i/axi_interconnect_0/s00_couplers/auto_pc/inst/gen_axilite.gen_b2s_conv.axilite_b2s/WR.b_channel_0/bid_fifo_0/SR[0]                            |                3 |              8 |         2.67 |
|  radiation_system_i/processing_system7_0/inst/FCLK_CLK0 | radiation_system_i/axi_gpio_0/U0/AXI_LITE_IPIF_I/I_SLAVE_ATTACHMENT/I_DECODER/E[0]                                                                                       | radiation_system_i/axi_gpio_0/U0/AXI_LITE_IPIF_I/I_SLAVE_ATTACHMENT/SR[0]                                                                                       |                2 |              8 |         4.00 |
|  radiation_system_i/processing_system7_0/inst/FCLK_CLK0 |                                                                                                                                                                          | radiation_system_i/axi_interconnect_0/s00_couplers/auto_pc/inst/gen_axilite.gen_b2s_conv.axilite_b2s/areset_d1                                                  |                5 |             10 |         2.00 |
|  radiation_system_i/processing_system7_0/inst/FCLK_CLK0 | radiation_system_i/axi_interconnect_0/s00_couplers/auto_pc/inst/gen_axilite.gen_b2s_conv.axilite_b2s/WR.aw_channel_0/aw_cmd_fsm_0/m_valid_i_reg[0]                       |                                                                                                                                                                 |                5 |             12 |         2.40 |
|  radiation_system_i/processing_system7_0/inst/FCLK_CLK0 | radiation_system_i/axi_interconnect_0/s00_couplers/auto_pc/inst/gen_axilite.gen_b2s_conv.axilite_b2s/WR.aw_channel_0/cmd_translator_0/incr_cmd_0/axaddr_incr[11]_i_1_n_0 |                                                                                                                                                                 |                2 |             12 |         6.00 |
|  radiation_system_i/processing_system7_0/inst/FCLK_CLK0 | radiation_system_i/axi_interconnect_0/s00_couplers/auto_pc/inst/gen_axilite.gen_b2s_conv.axilite_b2s/RD.ar_channel_0/ar_cmd_fsm_0/sel_first_reg[0]                       |                                                                                                                                                                 |                2 |             12 |         6.00 |
|  radiation_system_i/processing_system7_0/inst/FCLK_CLK0 | radiation_system_i/axi_interconnect_0/s00_couplers/auto_pc/inst/gen_axilite.gen_b2s_conv.axilite_b2s/RD.ar_channel_0/ar_cmd_fsm_0/E[0]                                   |                                                                                                                                                                 |                5 |             12 |         2.40 |
|  radiation_system_i/processing_system7_0/inst/FCLK_CLK0 | radiation_system_i/axi_interconnect_0/s00_couplers/auto_pc/inst/gen_axilite.gen_b2s_conv.axilite_b2s/RD.r_channel_0/r_push_r                                             |                                                                                                                                                                 |                4 |             13 |         3.25 |
|  radiation_system_i/processing_system7_0/inst/FCLK_CLK0 | radiation_system_i/axi_interconnect_0/s00_couplers/auto_pc/inst/gen_axilite.gen_b2s_conv.axilite_b2s/SI_REG/b.b_pipe/s_ready_i_reg_0                                     |                                                                                                                                                                 |                2 |             14 |         7.00 |
|  radiation_system_i/processing_system7_0/inst/FCLK_CLK0 | radiation_system_i/axi_interconnect_0/s00_couplers/auto_pc/inst/gen_axilite.gen_b2s_conv.axilite_b2s/SI_REG/b.b_pipe/p_1_in                                              |                                                                                                                                                                 |                2 |             14 |         7.00 |
|  radiation_system_i/processing_system7_0/inst/FCLK_CLK0 | radiation_system_i/axi_interconnect_0/s00_couplers/auto_pc/inst/gen_axilite.gen_b2s_conv.axilite_b2s/WR.aw_channel_0/aw_cmd_fsm_0/m_axi_awready_0                        |                                                                                                                                                                 |                3 |             16 |         5.33 |
|  radiation_system_i/processing_system7_0/inst/FCLK_CLK0 |                                                                                                                                                                          | radiation_system_i/axi_gpio_0/U0/AXI_LITE_IPIF_I/I_SLAVE_ATTACHMENT/SR[0]                                                                                       |                6 |             20 |         3.33 |
|  radiation_system_i/processing_system7_0/inst/FCLK_CLK0 | radiation_system_i/axi_interconnect_0/s00_couplers/auto_pc/inst/gen_axilite.gen_b2s_conv.axilite_b2s/RD.ar_channel_0/ar_cmd_fsm_0/m_axi_arready_2                        |                                                                                                                                                                 |                8 |             21 |         2.62 |
|  radiation_system_i/processing_system7_0/inst/FCLK_CLK0 | radiation_system_i/axi_interconnect_0/s00_couplers/auto_pc/inst/gen_axilite.gen_b2s_conv.axilite_b2s/WR.aw_channel_0/aw_cmd_fsm_0/FSM_sequential_state_reg[0]_1          |                                                                                                                                                                 |                9 |             24 |         2.67 |
|  radiation_system_i/processing_system7_0/inst/FCLK_CLK0 | radiation_system_i/axi_interconnect_0/s00_couplers/auto_pc/inst/gen_axilite.gen_b2s_conv.axilite_b2s/SI_REG/ar.ar_pipe/s_ready_i_reg_0                                   |                                                                                                                                                                 |                8 |             32 |         4.00 |
|  radiation_system_i/processing_system7_0/inst/FCLK_CLK0 | radiation_system_i/axi_interconnect_0/s00_couplers/auto_pc/inst/gen_axilite.gen_b2s_conv.axilite_b2s/SI_REG/aw.aw_pipe/s_ready_i_reg_0                                   |                                                                                                                                                                 |                5 |             32 |         6.40 |
|  radiation_system_i/processing_system7_0/inst/FCLK_CLK0 | radiation_system_i/axi_interconnect_0/s00_couplers/auto_pc/inst/gen_axilite.gen_b2s_conv.axilite_b2s/RD.r_channel_0/rd_data_fifo_0/wr_en0                                |                                                                                                                                                                 |                8 |             32 |         4.00 |
|  radiation_system_i/processing_system7_0/inst/FCLK_CLK0 | radiation_system_i/axi_interconnect_0/s00_couplers/auto_pc/inst/gen_axilite.gen_b2s_conv.axilite_b2s/WR.aw_channel_0/aw_cmd_fsm_0/E[0]                                   |                                                                                                                                                                 |                5 |             32 |         6.40 |
|  radiation_system_i/processing_system7_0/inst/FCLK_CLK0 | radiation_system_i/axi_interconnect_0/s00_couplers/auto_pc/inst/gen_axilite.gen_b2s_conv.axilite_b2s/RD.ar_channel_0/ar_cmd_fsm_0/m_valid_i_reg[0]                       |                                                                                                                                                                 |                6 |             32 |         5.33 |
|  radiation_system_i/processing_system7_0/inst/FCLK_CLK0 | radiation_system_i/axi_interconnect_0/s00_couplers/auto_pc/inst/gen_axilite.gen_b2s_conv.axilite_b2s/SI_REG/r.r_pipe/p_1_in                                              |                                                                                                                                                                 |                8 |             45 |         5.62 |
|  radiation_system_i/processing_system7_0/inst/FCLK_CLK0 | radiation_system_i/axi_interconnect_0/s00_couplers/auto_pc/inst/gen_axilite.gen_b2s_conv.axilite_b2s/SI_REG/r.r_pipe/s_ready_i_reg_0                                     |                                                                                                                                                                 |                8 |             45 |         5.62 |
|  radiation_system_i/processing_system7_0/inst/FCLK_CLK0 |                                                                                                                                                                          | radiation_system_i/radiation_detector_0/inst/signal_gen/rst_n_0                                                                                                 |               23 |             81 |         3.52 |
|  radiation_system_i/processing_system7_0/inst/FCLK_CLK0 |                                                                                                                                                                          |                                                                                                                                                                 |               29 |             89 |         3.07 |
+---------------------------------------------------------+--------------------------------------------------------------------------------------------------------------------------------------------------------------------------+-----------------------------------------------------------------------------------------------------------------------------------------------------------------+------------------+----------------+--------------+


